<?xml version="1.0" encoding="UTF-8" ?>
<testsuite tests="8" failures="0" name="TestStudentMark" time="0.016" errors="0" skipped="0">
  <properties>
[...]
</properties>
  <testcase classname="TestStudentMark" name="test_getTotalMarks" time="0.012"/>
  <testcase classname="TestStudentMark" name="test_getPercentInvalidMarks" time="0"/>
  <testcase classname="TestStudentMark" name="test_getTotalMarksAbove" time="0.001"/>
  <testcase classname="TestStudentMark" name="test_getTotalMarksBelow" time="0.002"/>
  <testcase classname="TestStudentMark" name="test_getPercent" time="0.001"/>
  <testcase classname="TestStudentMark" name="test_getTotalMarksArithmeticCheck" time="0"/>
  <testcase classname="TestStudentMark" name="test_getGradeInvalidMarks" time="0"/>
  <testcase classname="TestStudentMark" name="test_getGrade" time="0"/>
</testsuite>